<?xml version="1.0" encoding="UTF-8"?>
<!-- Generated by org.testng.reporters.JUnitXMLReporter -->
<testsuite ignored="0" hostname="Anwayas-MacBook-Pro.local" failures="1" tests="12" name="Test" time="170.685" errors="0" timestamp="2023-08-11T08:20:35 IST">
  <testcase classname="phpCustomer.TC_001_ValidandInvalidLoginTest" name="loginTest" time="16.225">
    <failure type="org.openqa.selenium.NoSuchElementException" message="no such element: Unable to locate element: {&amp;quot;method&amp;quot;:&amp;quot;xpath&amp;quot;,&amp;quot;selector&amp;quot;:&amp;quot;//div[@class=&amp;apos;author-content&amp;apos;]&amp;quot;}
  (Session info: chrome=115.0.5790.170)
For documentation on this error, please visit: https://selenium.dev/exceptions/#no_such_element
Build info: version: &amp;apos;4.9.1&amp;apos;, revision: &amp;apos;eb2032df7f&amp;apos;
System info: os.name: &amp;apos;Mac OS X&amp;apos;, os.arch: &amp;apos;x86_64&amp;apos;, os.version: &amp;apos;13.4.1&amp;apos;, java.version: &amp;apos;18.0.1.1&amp;apos;
Driver info: org.openqa.selenium.chrome.ChromeDriver
Command: [3d54b40fef7d3b1714ec1213c9f39a4e, findElement {using=xpath, value=//div[@class=&amp;apos;author-content&amp;apos;]}]
Capabilities {acceptInsecureCerts: false, browserName: chrome, browserVersion: 115.0.5790.170, chrome: {chromedriverVersion: 114.0.5735.90 (386bc09e8f4f..., userDataDir: /var/folders/w9/37hb8zlj6gl...}, goog:chromeOptions: {debuggerAddress: localhost:54151}, networkConnectionEnabled: false, pageLoadStrategy: normal, platformName: mac, proxy: Proxy(), se:cdp: ws://localhost:54151/devtoo..., se:cdpVersion: 115.0.5790.170, setWindowRect: true, strictFileInteractability: false, timeouts: {implicit: 0, pageLoad: 300000, script: 30000}, unhandledPromptBehavior: dismiss and notify, webauthn:extension:credBlob: true, webauthn:extension:largeBlob: true, webauthn:extension:minPinLength: true, webauthn:extension:prf: true, webauthn:virtualAuthenticators: true}
Session ID: 3d54b40fef7d3b1714ec1213c9f39a4e">
      <![CDATA[org.openqa.selenium.NoSuchElementException: no such element: Unable to locate element: {"method":"xpath","selector":"//div[@class='author-content']"}
  (Session info: chrome=115.0.5790.170)
For documentation on this error, please visit: https://selenium.dev/exceptions/#no_such_element
Build info: version: '4.9.1', revision: 'eb2032df7f'
System info: os.name: 'Mac OS X', os.arch: 'x86_64', os.version: '13.4.1', java.version: '18.0.1.1'
Driver info: org.openqa.selenium.chrome.ChromeDriver
Command: [3d54b40fef7d3b1714ec1213c9f39a4e, findElement {using=xpath, value=//div[@class='author-content']}]
Capabilities {acceptInsecureCerts: false, browserName: chrome, browserVersion: 115.0.5790.170, chrome: {chromedriverVersion: 114.0.5735.90 (386bc09e8f4f..., userDataDir: /var/folders/w9/37hb8zlj6gl...}, goog:chromeOptions: {debuggerAddress: localhost:54151}, networkConnectionEnabled: false, pageLoadStrategy: normal, platformName: mac, proxy: Proxy(), se:cdp: ws://localhost:54151/devtoo..., se:cdpVersion: 115.0.5790.170, setWindowRect: true, strictFileInteractability: false, timeouts: {implicit: 0, pageLoad: 300000, script: 30000}, unhandledPromptBehavior: dismiss and notify, webauthn:extension:credBlob: true, webauthn:extension:largeBlob: true, webauthn:extension:minPinLength: true, webauthn:extension:prf: true, webauthn:virtualAuthenticators: true}
Session ID: 3d54b40fef7d3b1714ec1213c9f39a4e
at org.openqa.selenium.remote.codec.w3c.W3CHttpResponseCodec.createException(W3CHttpResponseCodec.java:200)
at org.openqa.selenium.remote.codec.w3c.W3CHttpResponseCodec.decode(W3CHttpResponseCodec.java:133)
at org.openqa.selenium.remote.codec.w3c.W3CHttpResponseCodec.decode(W3CHttpResponseCodec.java:53)
at org.openqa.selenium.remote.HttpCommandExecutor.execute(HttpCommandExecutor.java:193)
at org.openqa.selenium.remote.service.DriverCommandExecutor.invokeExecute(DriverCommandExecutor.java:183)
at org.openqa.selenium.remote.service.DriverCommandExecutor.execute(DriverCommandExecutor.java:158)
at org.openqa.selenium.remote.RemoteWebDriver.execute(RemoteWebDriver.java:543)
at org.openqa.selenium.remote.ElementLocation$ElementFinder$2.findElement(ElementLocation.java:162)
at org.openqa.selenium.remote.ElementLocation.findElement(ElementLocation.java:60)
at org.openqa.selenium.remote.RemoteWebDriver.findElement(RemoteWebDriver.java:352)
at org.openqa.selenium.remote.RemoteWebDriver.findElement(RemoteWebDriver.java:344)
at phpCustomer.TC_001_ValidandInvalidLoginTest.loginTest(TC_001_ValidandInvalidLoginTest.java:27)
at java.base/java.util.ArrayList.forEach(ArrayList.java:1511)
... Removed 28 stack frames]]>
    </failure>
  </testcase> <!-- loginTest -->
  <testcase classname="phpCustomer.TC_001_ValidandInvalidLoginTest" name="loginTest" time="19.846"/>
  <testcase classname="phpCustomer.TC_002_TestlinksMybookings_MyProfile_Logout" name="login" time="12.85"/>
  <testcase classname="phpCustomer.TC_002_TestlinksMybookings_MyProfile_Logout" name="TestMyBookingsLink" time="7.696"/>
  <testcase classname="phpCustomer.TC_002_TestlinksMybookings_MyProfile_Logout" name="TestMyProfileLink" time="6.445"/>
  <testcase classname="phpCustomer.TC_002_TestlinksMybookings_MyProfile_Logout" name="TestLogoutLink" time="12.585"/>
  <testcase classname="phpCustomer.TC_003_CheckbookingnadDislayVoucher" name="login" time="13.075"/>
  <testcase classname="phpCustomer.TC_003_CheckbookingnadDislayVoucher" name="TestMyBookingsLink" time="7.668"/>
  <testcase classname="phpCustomer.TC_003_CheckbookingnadDislayVoucher" name="displayBookingInvoice" time="6.312"/>
  <testcase classname="phpCustomer.TC_004_UpdateAddressDatadriven" name="login" time="12.66"/>
  <testcase classname="phpCustomer.TC_004_UpdateAddressDatadriven" name="TestMyProfileLink" time="9.624"/>
  <testcase classname="phpCustomer.TC_004_UpdateAddressDatadriven" name="updateAddress" time="10.121"/>
</testsuite> <!-- Test -->
